0 info it worked if it ends with ok
1 verbose cli [ '/usr/local/bin/nodejs/bin/node',
1 verbose cli   '/usr/local/bin/nodejs/bin/npm',
1 verbose cli   'start' ]
2 info using npm@3.8.9
3 info using node@v4.4.4
4 verbose run-script [ 'prestart', 'start', 'poststart' ]
5 info lifecycle book@0.0.1~prestart: book@0.0.1
6 silly lifecycle book@0.0.1~prestart: no script for prestart, continuing
7 info lifecycle book@0.0.1~start: book@0.0.1
8 verbose lifecycle book@0.0.1~start: unsafe-perm in lifecycle true
9 verbose lifecycle book@0.0.1~start: PATH: /usr/local/bin/nodejs/lib/node_modules/npm/bin/node-gyp-bin:/home/iny/code/book/node_modules/.bin:/usr/local/bin/nodejs/bin:/usr/local/sbin:/usr/local/bin:/usr/sbin:/usr/bin:/sbin:/bin:/usr/games:/usr/local/games:/snap/bin:/usr/local/bin/nodejs/bin
10 verbose lifecycle book@0.0.1~start: CWD: /home/iny/code/book
11 silly lifecycle book@0.0.1~start: Args: [ '-c', 'node server.js --env=dev' ]
12 silly lifecycle book@0.0.1~start: Returned: code: 1  signal: null
13 info lifecycle book@0.0.1~start: Failed to exec start script
14 verbose stack Error: book@0.0.1 start: `node server.js --env=dev`
14 verbose stack Exit status 1
14 verbose stack     at EventEmitter.<anonymous> (/usr/local/bin/nodejs/lib/node_modules/npm/lib/utils/lifecycle.js:245:16)
14 verbose stack     at emitTwo (events.js:87:13)
14 verbose stack     at EventEmitter.emit (events.js:172:7)
14 verbose stack     at ChildProcess.<anonymous> (/usr/local/bin/nodejs/lib/node_modules/npm/lib/utils/spawn.js:24:14)
14 verbose stack     at emitTwo (events.js:87:13)
14 verbose stack     at ChildProcess.emit (events.js:172:7)
14 verbose stack     at maybeClose (internal/child_process.js:827:16)
14 verbose stack     at Process.ChildProcess._handle.onexit (internal/child_process.js:211:5)
15 verbose pkgid book@0.0.1
16 verbose cwd /home/iny/code/book
17 error Linux 4.4.0-21-generic
18 error argv "/usr/local/bin/nodejs/bin/node" "/usr/local/bin/nodejs/bin/npm" "start"
19 error node v4.4.4
20 error npm  v3.8.9
21 error code ELIFECYCLE
22 error book@0.0.1 start: `node server.js --env=dev`
22 error Exit status 1
23 error Failed at the book@0.0.1 start script 'node server.js --env=dev'.
23 error Make sure you have the latest version of node.js and npm installed.
23 error If you do, this is most likely a problem with the book package,
23 error not with npm itself.
23 error Tell the author that this fails on your system:
23 error     node server.js --env=dev
23 error You can get information on how to open an issue for this project with:
23 error     npm bugs book
23 error Or if that isn't available, you can get their info via:
23 error     npm owner ls book
23 error There is likely additional logging output above.
24 verbose exit [ 1, true ]
